[01:43:59] [Server thread/INFO]: Starting minecraft server version 1.8
[01:43:59] [Server thread/INFO]: Loading properties
[01:43:59] [Server thread/INFO]: Default game type: SURVIVAL
[01:43:59] [Server thread/INFO]: This server is running CraftBukkit version git-Spigot-c3c767f-33d5de3 (MC: 1.8) (Implementing API version 1.8-R0.1-SNAPSHOT)
[01:43:59] [Server thread/INFO]: Debug logging is disabled
[01:43:59] [Server thread/INFO]: Server Ping Player Sample Count: 12

[01:43:59] [Server thread/INFO]: Using 4 threads for Netty based IO
[01:43:59] [Server thread/INFO]: Generating keypair
[01:43:59] [Server thread/INFO]: Starting Minecraft server on *:25565
[01:43:59] [Server thread/INFO]: Your platform does not provide complete low-level API for accessing direct buffers reliably. Unless explicitly requested, heap buffer will always be preferred to avoid potential system unstability.
[01:43:59] [Server thread/INFO]: Set PluginClassLoader as parallel capable
[01:43:59] [Server thread/INFO]: [ZedCraftPlugin] Loading ZedCraftPlugin v1.0-SNAPSHOT
[01:43:59] [Server thread/WARN]: **** SERVER IS RUNNING IN OFFLINE/INSECURE MODE!
[01:43:59] [Server thread/WARN]: The server will make no attempt to authenticate usernames. Beware.
[01:43:59] [Server thread/WARN]: While this makes the game possible to play without internet access, it also opens up the ability for hackers to connect with any username they choose.
[01:43:59] [Server thread/WARN]: To change this, set "online-mode" to "true" in the server.properties file.
[01:43:59] [Server thread/INFO]: **** Beginning UUID conversion, this may take A LONG time ****
[01:43:59] [Server thread/INFO]: Preparing level "world"
[01:43:59] [Server thread/INFO]: -------- World Settings For [world] --------
[01:43:59] [Server thread/INFO]: Item Despawn Rate: 1200
[01:43:59] [Server thread/INFO]: Item Merge Radius: 2.5
[01:43:59] [Server thread/INFO]: Allow Zombie Pigmen to spawn from portal blocks: true
[01:43:59] [Server thread/INFO]: Arrow Despawn Rate: 1200
[01:43:59] [Server thread/INFO]: Chunks to Grow per Tick: 650
[01:43:59] [Server thread/INFO]: Clear tick list: false
[01:43:59] [Server thread/INFO]: Experience Merge Radius: 3.0
[01:43:59] [Server thread/INFO]: View Distance: 3
[01:43:59] [Server thread/INFO]: Zombie Aggressive Towards Villager: true
[01:43:59] [Server thread/INFO]: Mob Spawn Range: 4
[01:43:59] [Server thread/INFO]: Cactus Growth Modifier: 100%
[01:43:59] [Server thread/INFO]: Cane Growth Modifier: 100%
[01:43:59] [Server thread/INFO]: Melon Growth Modifier: 100%
[01:43:59] [Server thread/INFO]: Mushroom Growth Modifier: 100%
[01:43:59] [Server thread/INFO]: Pumpkin Growth Modifier: 100%
[01:43:59] [Server thread/INFO]: Sapling Growth Modifier: 100%
[01:43:59] [Server thread/INFO]: Wheat Growth Modifier: 100%
[01:43:59] [Server thread/INFO]: Anti X-Ray: false
[01:43:59] [Server thread/INFO]: 	Engine Mode: 1
[01:43:59] [Server thread/INFO]: 	Hidden Blocks: [14, 15, 16, 21, 48, 49, 54, 56, 73, 74, 82, 129, 130]
[01:43:59] [Server thread/INFO]: 	Replace Blocks: [1, 5]
[01:43:59] [Server thread/INFO]: Nerfing mobs spawned from spawners: false
[01:43:59] [Server thread/INFO]: Random Lighting Updates: false
[01:43:59] [Server thread/INFO]: Entity Activation Range: An 32 / Mo 32 / Mi 16
[01:43:59] [Server thread/INFO]: Entity Tracking Range: Pl 48 / An 48 / Mo 48 / Mi 32 / Other 64
[01:43:59] [Server thread/INFO]: Alternative Hopper Ticking: false
[01:43:59] [Server thread/INFO]: Hopper Transfer: 8 Hopper Check: 8 Hopper Amount: 1
[01:43:59] [Server thread/INFO]: Structure Info Saving: true
[01:43:59] [Server thread/INFO]: Custom Map Seeds:  Village: 10387312 Feature: 14357617
[01:43:59] [Server thread/INFO]: Sending up to 10 chunks per packet
[01:43:59] [Server thread/INFO]: Max Entity Collisions: 8
[01:43:59] [Server thread/INFO]: Max TNT Explosions: 100
[01:43:59] [Server thread/INFO]: Tile Max Tick Time: 50ms Entity max Tick Time: 50ms
[01:44:00] [Server thread/INFO]: Preparing start region for level 0 (Seed: -222906031605426015)
[01:44:00] [Server thread/INFO]: [ZedCraftPlugin] Enabling ZedCraftPlugin v1.0-SNAPSHOT
[01:44:00] [Server thread/INFO]: ZedCraft Server starting up...

[01:44:00] [Server thread/INFO]: air

[01:44:00] [Server thread/INFO]: beacon

[01:44:00] [Server thread/INFO]: bedrock

[01:44:00] [Server thread/INFO]: bookshelf

[01:44:00] [Server thread/INFO]: brick

[01:44:00] [Server thread/INFO]: clay

[01:44:00] [Server thread/INFO]: coal_block

[01:44:00] [Server thread/INFO]: coal_ore

[01:44:00] [Server thread/INFO]: coarse_dirt

[01:44:00] [Server thread/INFO]: cobblestone

[01:44:00] [Server thread/INFO]: command

[01:44:00] [Server thread/INFO]: diamond_block

[01:44:00] [Server thread/INFO]: diamond_ore

[01:44:00] [Server thread/INFO]: dirt

[01:44:00] [Server thread/INFO]: dispenser

[01:44:00] [Server thread/INFO]: dropper

[01:44:00] [Server thread/INFO]: emerald_block

[01:44:00] [Server thread/INFO]: emerald_ore

[01:44:00] [Server thread/INFO]: ender_stone

[01:44:00] [Server thread/INFO]: furnace

[01:44:00] [Server thread/INFO]: glass

[01:44:00] [Server thread/INFO]: glass_black

[01:44:00] [Server thread/INFO]: glass_blue

[01:44:00] [Server thread/INFO]: glass_brown

[01:44:00] [Server thread/INFO]: glass_cyan

[01:44:00] [Server thread/INFO]: glass_gray

[01:44:00] [Server thread/INFO]: glass_green

[01:44:00] [Server thread/INFO]: glass_light_blue

[01:44:00] [Server thread/INFO]: glass_lime

[01:44:00] [Server thread/INFO]: glass_magenta

[01:44:00] [Server thread/INFO]: glass_orange

[01:44:00] [Server thread/INFO]: glass_pink

[01:44:00] [Server thread/INFO]: glass_purple

[01:44:00] [Server thread/INFO]: glass_red

[01:44:00] [Server thread/INFO]: glass_silver

[01:44:00] [Server thread/INFO]: glass_white

[01:44:00] [Server thread/INFO]: glass_yellow

[01:44:00] [Server thread/INFO]: glowstone

[01:44:00] [Server thread/INFO]: gold_block

[01:44:00] [Server thread/INFO]: gold_ore

[01:44:00] [Server thread/INFO]: grass

[01:44:00] [Server thread/INFO]: gravel

[01:44:00] [Server thread/INFO]: hard_clay

[01:44:00] [Server thread/INFO]: hard_clay_black

[01:44:00] [Server thread/INFO]: hard_clay_blue

[01:44:00] [Server thread/INFO]: hard_clay_brown

[01:44:00] [Server thread/INFO]: hard_clay_cyan

[01:44:00] [Server thread/INFO]: hard_clay_gray

[01:44:00] [Server thread/INFO]: hard_clay_green

[01:44:00] [Server thread/INFO]: hard_clay_lightblue

[01:44:00] [Server thread/INFO]: hard_clay_lime

[01:44:00] [Server thread/INFO]: hard_clay_magenta

[01:44:00] [Server thread/INFO]: hard_clay_orange

[01:44:00] [Server thread/INFO]: hard_clay_pink

[01:44:00] [Server thread/INFO]: hard_clay_purple

[01:44:00] [Server thread/INFO]: hard_clay_red

[01:44:00] [Server thread/INFO]: hard_clay_silver

[01:44:00] [Server thread/INFO]: hard_clay_white

[01:44:00] [Server thread/INFO]: hard_clay_yellow

[01:44:00] [Server thread/INFO]: hay_block

[01:44:00] [Server thread/INFO]: huge_mushroom_1

[01:44:00] [Server thread/INFO]: huge_mushroom_2

[01:44:00] [Server thread/INFO]: ice

[01:44:00] [Server thread/INFO]: iron_block

[01:44:00] [Server thread/INFO]: iron_ore

[01:44:00] [Server thread/INFO]: jukebox

[01:44:00] [Server thread/INFO]: lapis_block

[01:44:00] [Server thread/INFO]: lapis_ore

[01:44:00] [Server thread/INFO]: log_acacia

[01:44:00] [Server thread/INFO]: log_big_oak

[01:44:00] [Server thread/INFO]: log_birch

[01:44:00] [Server thread/INFO]: log_jungle

[01:44:00] [Server thread/INFO]: log_oak

[01:44:00] [Server thread/INFO]: log_spruce

[01:44:00] [Server thread/INFO]: melon_block

[01:44:00] [Server thread/INFO]: mossy_cobblestone

[01:44:00] [Server thread/INFO]: mycel

[01:44:00] [Server thread/INFO]: netherrack

[01:44:00] [Server thread/INFO]: nether_brick

[01:44:00] [Server thread/INFO]: note_block

[01:44:00] [Server thread/INFO]: obsidian

[01:44:00] [Server thread/INFO]: packed_ice

[01:44:00] [Server thread/INFO]: planks_acacia

[01:44:00] [Server thread/INFO]: planks_dark_oak

[01:44:00] [Server thread/INFO]: planks_birch

[01:44:00] [Server thread/INFO]: planks_jungle

[01:44:00] [Server thread/INFO]: planks_oak

[01:44:00] [Server thread/INFO]: planks_spruce

[01:44:00] [Server thread/INFO]: prismarine

[01:44:00] [Server thread/INFO]: prismarine_dark

[01:44:00] [Server thread/INFO]: pumpkin

[01:44:00] [Server thread/INFO]: quartz_block_chiseled

[01:44:00] [Server thread/INFO]: quartz_block_lines

[01:44:00] [Server thread/INFO]: quartz_block_side

[01:44:00] [Server thread/INFO]: quartz_ore

[01:44:00] [Server thread/INFO]: redstone_block

[01:44:00] [Server thread/INFO]: redstone_lamp_off

[01:44:00] [Server thread/INFO]: redstone_ore

[01:44:00] [Server thread/INFO]: red_sand

[01:44:00] [Server thread/INFO]: red_sandstone_carved

[01:44:00] [Server thread/INFO]: red_sandstone_normal

[01:44:00] [Server thread/INFO]: red_sandstone_smooth

[01:44:00] [Server thread/INFO]: sand

[01:44:00] [Server thread/INFO]: sandstone_carved

[01:44:00] [Server thread/INFO]: sandstone_normal

[01:44:00] [Server thread/INFO]: sandstone_smooth

[01:44:00] [Server thread/INFO]: sea_lantern

[01:44:00] [Server thread/INFO]: slime_block

[01:44:00] [Server thread/INFO]: snow

[01:44:00] [Server thread/INFO]: soul_sand

[01:44:00] [Server thread/INFO]: sponge

[01:44:00] [Server thread/INFO]: sponge_wet

[01:44:00] [Server thread/INFO]: stone

[01:44:00] [Server thread/INFO]: stonebrick

[01:44:00] [Server thread/INFO]: stonebrick_carved

[01:44:00] [Server thread/INFO]: stonebrick_cracked

[01:44:00] [Server thread/INFO]: stonebrick_mossy

[01:44:00] [Server thread/INFO]: stone_andesite

[01:44:00] [Server thread/INFO]: stone_andesite_smooth

[01:44:00] [Server thread/INFO]: stone_diorite

[01:44:00] [Server thread/INFO]: stone_diorite_smooth

[01:44:00] [Server thread/INFO]: stone_granite

[01:44:00] [Server thread/INFO]: stone_granite_smooth

[01:44:00] [Server thread/INFO]: tnt

[01:44:00] [Server thread/INFO]: wool_colored_black

[01:44:00] [Server thread/INFO]: wool_colored_blue

[01:44:00] [Server thread/INFO]: wool_colored_brown

[01:44:00] [Server thread/INFO]: wool_colored_cyan

[01:44:00] [Server thread/INFO]: wool_colored_gray

[01:44:00] [Server thread/INFO]: wool_colored_green

[01:44:00] [Server thread/INFO]: wool_colored_light_blue

[01:44:00] [Server thread/INFO]: wool_colored_lime

[01:44:00] [Server thread/INFO]: wool_colored_magenta

[01:44:00] [Server thread/INFO]: wool_colored_orange

[01:44:00] [Server thread/INFO]: wool_colored_pink

[01:44:00] [Server thread/INFO]: wool_colored_purple

[01:44:00] [Server thread/INFO]: wool_colored_red

[01:44:00] [Server thread/INFO]: wool_colored_silver

[01:44:00] [Server thread/INFO]: wool_colored_white

[01:44:00] [Server thread/INFO]: wool_colored_yellow

[01:44:00] [Server thread/INFO]: workbench

[01:44:00] [Server thread/INFO]: [ZedCraft] Blocks HashMap Populated.

[01:44:00] [Server thread/INFO]: Boot success!

[01:44:00] [Server thread/INFO]: Server permissions file permissions.yml is empty, ignoring it
[01:44:00] [Server thread/INFO]: Done (1.179s)! For help, type "help" or "?"
[01:44:22] [User Authenticator #1/INFO]: UUID of player TboneJDI is e3e3b45c-7103-3a07-8b6b-3966397f6270
[01:44:22] [Server thread/INFO]: WAGOOGUS

[01:44:22] [Server thread/INFO]: TboneJDI[/127.0.0.1:51827] logged in with entity id 0 at ([world] -4.5, 4.0, 7.5)
[01:44:29] [Server thread/INFO]: TboneJDI issued server command: /gamemode creative
[01:44:29] [Server thread/INFO]: [TboneJDI: Set own game mode to Creative Mode]
[01:44:39] [Server thread/INFO]: TboneJDI issued server command: /picture a
[01:44:46] [Server thread/INFO]: TboneJDI issued server command: /picture crazyflie.jpg
[01:46:38] [Server thread/INFO]: TboneJDI issued server command: /picture JonesPhillip.jpg
[01:46:39] [Server thread/ERROR]: null
org.bukkit.command.CommandException: Unhandled exception executing command 'picture' in plugin ZedCraftPlugin v1.0-SNAPSHOT
	at org.bukkit.command.PluginCommand.execute(PluginCommand.java:46) ~[server.jar:git-Spigot-c3c767f-33d5de3]
	at org.bukkit.command.SimpleCommandMap.dispatch(SimpleCommandMap.java:141) ~[server.jar:git-Spigot-c3c767f-33d5de3]
	at org.bukkit.craftbukkit.v1_8_R1.CraftServer.dispatchCommand(CraftServer.java:646) ~[server.jar:git-Spigot-c3c767f-33d5de3]
	at net.minecraft.server.v1_8_R1.PlayerConnection.handleCommand(PlayerConnection.java:1115) [server.jar:git-Spigot-c3c767f-33d5de3]
	at net.minecraft.server.v1_8_R1.PlayerConnection.a(PlayerConnection.java:950) [server.jar:git-Spigot-c3c767f-33d5de3]
	at net.minecraft.server.v1_8_R1.PacketPlayInChat.a(PacketPlayInChat.java:26) [server.jar:git-Spigot-c3c767f-33d5de3]
	at net.minecraft.server.v1_8_R1.PacketPlayInChat.a(PacketPlayInChat.java:53) [server.jar:git-Spigot-c3c767f-33d5de3]
	at net.minecraft.server.v1_8_R1.PacketHandleTask.run(SourceFile:13) [server.jar:git-Spigot-c3c767f-33d5de3]
	at java.base/java.util.concurrent.Executors$RunnableAdapter.call(Executors.java:539) [?:?]
	at java.base/java.util.concurrent.FutureTask.run(FutureTask.java:264) [?:?]
	at net.minecraft.server.v1_8_R1.MinecraftServer.z(MinecraftServer.java:696) [server.jar:git-Spigot-c3c767f-33d5de3]
	at net.minecraft.server.v1_8_R1.DedicatedServer.z(DedicatedServer.java:316) [server.jar:git-Spigot-c3c767f-33d5de3]
	at net.minecraft.server.v1_8_R1.MinecraftServer.y(MinecraftServer.java:634) [server.jar:git-Spigot-c3c767f-33d5de3]
	at net.minecraft.server.v1_8_R1.MinecraftServer.run(MinecraftServer.java:537) [server.jar:git-Spigot-c3c767f-33d5de3]
	at java.base/java.lang.Thread.run(Thread.java:833) [?:?]
Caused by: java.lang.IllegalArgumentException: No enum constant org.bukkit.Material.END_STONE
	at java.base/java.lang.Enum.valueOf(Enum.java:273) ~[?:?]
	at org.bukkit.Material.valueOf(Material.java:1) ~[server.jar:git-Spigot-c3c767f-33d5de3]
	at org.cpre488.zedcraftplugin.camera.CameraCommands.HandleImageIO(CameraCommands.java:97) ~[?:?]
	at org.cpre488.zedcraftplugin.camera.CameraCommands.onCommand(CameraCommands.java:58) ~[?:?]
	at org.bukkit.command.PluginCommand.execute(PluginCommand.java:44) ~[server.jar:git-Spigot-c3c767f-33d5de3]
	... 14 more
[01:47:04] [Server thread/INFO]: TboneJDI has just earned the achievement [Taking Inventory]
[01:47:22] [Server thread/INFO]: TboneJDI issued server command: /picture
[01:47:24] [Server thread/INFO]: TboneJDI issued server command: /picture list
[01:47:38] [Server thread/INFO]: TboneJDI issued server command: /picture testImage.jpg
[01:48:29] [Server thread/INFO]: TboneJDI issued server command: /saveall
[01:50:23] [Server thread/INFO]: TboneJDI issued server command: /picture olivia
[01:50:27] [Server thread/INFO]: TboneJDI issued server command: /picture olivia.jpg
[01:50:27] [Server thread/ERROR]: null
org.bukkit.command.CommandException: Unhandled exception executing command 'picture' in plugin ZedCraftPlugin v1.0-SNAPSHOT
	at org.bukkit.command.PluginCommand.execute(PluginCommand.java:46) ~[server.jar:git-Spigot-c3c767f-33d5de3]
	at org.bukkit.command.SimpleCommandMap.dispatch(SimpleCommandMap.java:141) ~[server.jar:git-Spigot-c3c767f-33d5de3]
	at org.bukkit.craftbukkit.v1_8_R1.CraftServer.dispatchCommand(CraftServer.java:646) ~[server.jar:git-Spigot-c3c767f-33d5de3]
	at net.minecraft.server.v1_8_R1.PlayerConnection.handleCommand(PlayerConnection.java:1115) [server.jar:git-Spigot-c3c767f-33d5de3]
	at net.minecraft.server.v1_8_R1.PlayerConnection.a(PlayerConnection.java:950) [server.jar:git-Spigot-c3c767f-33d5de3]
	at net.minecraft.server.v1_8_R1.PacketPlayInChat.a(PacketPlayInChat.java:26) [server.jar:git-Spigot-c3c767f-33d5de3]
	at net.minecraft.server.v1_8_R1.PacketPlayInChat.a(PacketPlayInChat.java:53) [server.jar:git-Spigot-c3c767f-33d5de3]
	at net.minecraft.server.v1_8_R1.PacketHandleTask.run(SourceFile:13) [server.jar:git-Spigot-c3c767f-33d5de3]
	at java.base/java.util.concurrent.Executors$RunnableAdapter.call(Executors.java:539) [?:?]
	at java.base/java.util.concurrent.FutureTask.run(FutureTask.java:264) [?:?]
	at net.minecraft.server.v1_8_R1.MinecraftServer.z(MinecraftServer.java:696) [server.jar:git-Spigot-c3c767f-33d5de3]
	at net.minecraft.server.v1_8_R1.DedicatedServer.z(DedicatedServer.java:316) [server.jar:git-Spigot-c3c767f-33d5de3]
	at net.minecraft.server.v1_8_R1.MinecraftServer.y(MinecraftServer.java:634) [server.jar:git-Spigot-c3c767f-33d5de3]
	at net.minecraft.server.v1_8_R1.MinecraftServer.run(MinecraftServer.java:537) [server.jar:git-Spigot-c3c767f-33d5de3]
	at java.base/java.lang.Thread.run(Thread.java:833) [?:?]
Caused by: java.lang.IllegalArgumentException: No enum constant org.bukkit.Material.END_STONE
	at java.base/java.lang.Enum.valueOf(Enum.java:273) ~[?:?]
	at org.bukkit.Material.valueOf(Material.java:1) ~[server.jar:git-Spigot-c3c767f-33d5de3]
	at org.cpre488.zedcraftplugin.camera.CameraCommands.HandleImageIO(CameraCommands.java:97) ~[?:?]
	at org.cpre488.zedcraftplugin.camera.CameraCommands.onCommand(CameraCommands.java:58) ~[?:?]
	at org.bukkit.command.PluginCommand.execute(PluginCommand.java:44) ~[server.jar:git-Spigot-c3c767f-33d5de3]
	... 14 more
[01:50:33] [Server thread/INFO]: TboneJDI issued server command: /picture olivia.jpg
[01:50:33] [Server thread/ERROR]: null
org.bukkit.command.CommandException: Unhandled exception executing command 'picture' in plugin ZedCraftPlugin v1.0-SNAPSHOT
	at org.bukkit.command.PluginCommand.execute(PluginCommand.java:46) ~[server.jar:git-Spigot-c3c767f-33d5de3]
	at org.bukkit.command.SimpleCommandMap.dispatch(SimpleCommandMap.java:141) ~[server.jar:git-Spigot-c3c767f-33d5de3]
	at org.bukkit.craftbukkit.v1_8_R1.CraftServer.dispatchCommand(CraftServer.java:646) ~[server.jar:git-Spigot-c3c767f-33d5de3]
	at net.minecraft.server.v1_8_R1.PlayerConnection.handleCommand(PlayerConnection.java:1115) [server.jar:git-Spigot-c3c767f-33d5de3]
	at net.minecraft.server.v1_8_R1.PlayerConnection.a(PlayerConnection.java:950) [server.jar:git-Spigot-c3c767f-33d5de3]
	at net.minecraft.server.v1_8_R1.PacketPlayInChat.a(PacketPlayInChat.java:26) [server.jar:git-Spigot-c3c767f-33d5de3]
	at net.minecraft.server.v1_8_R1.PacketPlayInChat.a(PacketPlayInChat.java:53) [server.jar:git-Spigot-c3c767f-33d5de3]
	at net.minecraft.server.v1_8_R1.PacketHandleTask.run(SourceFile:13) [server.jar:git-Spigot-c3c767f-33d5de3]
	at java.base/java.util.concurrent.Executors$RunnableAdapter.call(Executors.java:539) [?:?]
	at java.base/java.util.concurrent.FutureTask.run(FutureTask.java:264) [?:?]
	at net.minecraft.server.v1_8_R1.MinecraftServer.z(MinecraftServer.java:696) [server.jar:git-Spigot-c3c767f-33d5de3]
	at net.minecraft.server.v1_8_R1.DedicatedServer.z(DedicatedServer.java:316) [server.jar:git-Spigot-c3c767f-33d5de3]
	at net.minecraft.server.v1_8_R1.MinecraftServer.y(MinecraftServer.java:634) [server.jar:git-Spigot-c3c767f-33d5de3]
	at net.minecraft.server.v1_8_R1.MinecraftServer.run(MinecraftServer.java:537) [server.jar:git-Spigot-c3c767f-33d5de3]
	at java.base/java.lang.Thread.run(Thread.java:833) [?:?]
Caused by: java.lang.IllegalArgumentException: No enum constant org.bukkit.Material.END_STONE
	at java.base/java.lang.Enum.valueOf(Enum.java:273) ~[?:?]
	at org.bukkit.Material.valueOf(Material.java:1) ~[server.jar:git-Spigot-c3c767f-33d5de3]
	at org.cpre488.zedcraftplugin.camera.CameraCommands.HandleImageIO(CameraCommands.java:97) ~[?:?]
	at org.cpre488.zedcraftplugin.camera.CameraCommands.onCommand(CameraCommands.java:58) ~[?:?]
	at org.bukkit.command.PluginCommand.execute(PluginCommand.java:44) ~[server.jar:git-Spigot-c3c767f-33d5de3]
	... 14 more
[01:50:34] [Server thread/INFO]: TboneJDI issued server command: /picture olivia.jpg
[01:50:34] [Server thread/ERROR]: null
org.bukkit.command.CommandException: Unhandled exception executing command 'picture' in plugin ZedCraftPlugin v1.0-SNAPSHOT
	at org.bukkit.command.PluginCommand.execute(PluginCommand.java:46) ~[server.jar:git-Spigot-c3c767f-33d5de3]
	at org.bukkit.command.SimpleCommandMap.dispatch(SimpleCommandMap.java:141) ~[server.jar:git-Spigot-c3c767f-33d5de3]
	at org.bukkit.craftbukkit.v1_8_R1.CraftServer.dispatchCommand(CraftServer.java:646) ~[server.jar:git-Spigot-c3c767f-33d5de3]
	at net.minecraft.server.v1_8_R1.PlayerConnection.handleCommand(PlayerConnection.java:1115) [server.jar:git-Spigot-c3c767f-33d5de3]
	at net.minecraft.server.v1_8_R1.PlayerConnection.a(PlayerConnection.java:950) [server.jar:git-Spigot-c3c767f-33d5de3]
	at net.minecraft.server.v1_8_R1.PacketPlayInChat.a(PacketPlayInChat.java:26) [server.jar:git-Spigot-c3c767f-33d5de3]
	at net.minecraft.server.v1_8_R1.PacketPlayInChat.a(PacketPlayInChat.java:53) [server.jar:git-Spigot-c3c767f-33d5de3]
	at net.minecraft.server.v1_8_R1.PacketHandleTask.run(SourceFile:13) [server.jar:git-Spigot-c3c767f-33d5de3]
	at java.base/java.util.concurrent.Executors$RunnableAdapter.call(Executors.java:539) [?:?]
	at java.base/java.util.concurrent.FutureTask.run(FutureTask.java:264) [?:?]
	at net.minecraft.server.v1_8_R1.MinecraftServer.z(MinecraftServer.java:696) [server.jar:git-Spigot-c3c767f-33d5de3]
	at net.minecraft.server.v1_8_R1.DedicatedServer.z(DedicatedServer.java:316) [server.jar:git-Spigot-c3c767f-33d5de3]
	at net.minecraft.server.v1_8_R1.MinecraftServer.y(MinecraftServer.java:634) [server.jar:git-Spigot-c3c767f-33d5de3]
	at net.minecraft.server.v1_8_R1.MinecraftServer.run(MinecraftServer.java:537) [server.jar:git-Spigot-c3c767f-33d5de3]
	at java.base/java.lang.Thread.run(Thread.java:833) [?:?]
Caused by: java.lang.IllegalArgumentException: No enum constant org.bukkit.Material.END_STONE
	at java.base/java.lang.Enum.valueOf(Enum.java:273) ~[?:?]
	at org.bukkit.Material.valueOf(Material.java:1) ~[server.jar:git-Spigot-c3c767f-33d5de3]
	at org.cpre488.zedcraftplugin.camera.CameraCommands.HandleImageIO(CameraCommands.java:97) ~[?:?]
	at org.cpre488.zedcraftplugin.camera.CameraCommands.onCommand(CameraCommands.java:58) ~[?:?]
	at org.bukkit.command.PluginCommand.execute(PluginCommand.java:44) ~[server.jar:git-Spigot-c3c767f-33d5de3]
	... 14 more
[01:50:41] [Server thread/INFO]: TboneJDI issued server command: /picture olivia.jpg
[01:50:41] [Server thread/ERROR]: null
org.bukkit.command.CommandException: Unhandled exception executing command 'picture' in plugin ZedCraftPlugin v1.0-SNAPSHOT
	at org.bukkit.command.PluginCommand.execute(PluginCommand.java:46) ~[server.jar:git-Spigot-c3c767f-33d5de3]
	at org.bukkit.command.SimpleCommandMap.dispatch(SimpleCommandMap.java:141) ~[server.jar:git-Spigot-c3c767f-33d5de3]
	at org.bukkit.craftbukkit.v1_8_R1.CraftServer.dispatchCommand(CraftServer.java:646) ~[server.jar:git-Spigot-c3c767f-33d5de3]
	at net.minecraft.server.v1_8_R1.PlayerConnection.handleCommand(PlayerConnection.java:1115) [server.jar:git-Spigot-c3c767f-33d5de3]
	at net.minecraft.server.v1_8_R1.PlayerConnection.a(PlayerConnection.java:950) [server.jar:git-Spigot-c3c767f-33d5de3]
	at net.minecraft.server.v1_8_R1.PacketPlayInChat.a(PacketPlayInChat.java:26) [server.jar:git-Spigot-c3c767f-33d5de3]
	at net.minecraft.server.v1_8_R1.PacketPlayInChat.a(PacketPlayInChat.java:53) [server.jar:git-Spigot-c3c767f-33d5de3]
	at net.minecraft.server.v1_8_R1.PacketHandleTask.run(SourceFile:13) [server.jar:git-Spigot-c3c767f-33d5de3]
	at java.base/java.util.concurrent.Executors$RunnableAdapter.call(Executors.java:539) [?:?]
	at java.base/java.util.concurrent.FutureTask.run(FutureTask.java:264) [?:?]
	at net.minecraft.server.v1_8_R1.MinecraftServer.z(MinecraftServer.java:696) [server.jar:git-Spigot-c3c767f-33d5de3]
	at net.minecraft.server.v1_8_R1.DedicatedServer.z(DedicatedServer.java:316) [server.jar:git-Spigot-c3c767f-33d5de3]
	at net.minecraft.server.v1_8_R1.MinecraftServer.y(MinecraftServer.java:634) [server.jar:git-Spigot-c3c767f-33d5de3]
	at net.minecraft.server.v1_8_R1.MinecraftServer.run(MinecraftServer.java:537) [server.jar:git-Spigot-c3c767f-33d5de3]
	at java.base/java.lang.Thread.run(Thread.java:833) [?:?]
Caused by: java.lang.IllegalArgumentException: No enum constant org.bukkit.Material.END_STONE
	at java.base/java.lang.Enum.valueOf(Enum.java:273) ~[?:?]
	at org.bukkit.Material.valueOf(Material.java:1) ~[server.jar:git-Spigot-c3c767f-33d5de3]
	at org.cpre488.zedcraftplugin.camera.CameraCommands.HandleImageIO(CameraCommands.java:97) ~[?:?]
	at org.cpre488.zedcraftplugin.camera.CameraCommands.onCommand(CameraCommands.java:58) ~[?:?]
	at org.bukkit.command.PluginCommand.execute(PluginCommand.java:44) ~[server.jar:git-Spigot-c3c767f-33d5de3]
	... 14 more
[01:51:12] [Server thread/INFO]: TboneJDI issued server command: /giveblockdata END_STONE 0
[01:51:22] [Server thread/INFO]: TboneJDI issued server command: /giveblockdata ENDSTONE 0
[01:51:26] [Server thread/INFO]: TboneJDI issued server command: /giveblockdata ENDER_STONE 0
[01:51:58] [Server thread/INFO]: TboneJDI issued server command: /reload
[01:51:58] [Server thread/INFO]: TboneJDI: Please note that this command is not supported and may cause issues when using some plugins.

[01:51:58] [Server thread/INFO]: TboneJDI: If you encounter any issues please use the /stop command to restart your server.

[01:51:58] [Server thread/INFO]: Debug logging is disabled
[01:51:58] [Server thread/INFO]: Server Ping Player Sample Count: 12

[01:51:58] [Server thread/INFO]: Using 4 threads for Netty based IO
[01:51:58] [Server thread/INFO]: -------- World Settings For [world] --------
[01:51:58] [Server thread/INFO]: Item Despawn Rate: 1200
[01:51:58] [Server thread/INFO]: Item Merge Radius: 2.5
[01:51:58] [Server thread/INFO]: Allow Zombie Pigmen to spawn from portal blocks: true
[01:51:58] [Server thread/INFO]: Arrow Despawn Rate: 1200
[01:51:58] [Server thread/INFO]: Chunks to Grow per Tick: 650
[01:51:58] [Server thread/INFO]: Clear tick list: false
[01:51:58] [Server thread/INFO]: Experience Merge Radius: 3.0
[01:51:58] [Server thread/INFO]: View Distance: 3
[01:51:58] [Server thread/INFO]: Zombie Aggressive Towards Villager: true
[01:51:58] [Server thread/INFO]: Mob Spawn Range: 4
[01:51:58] [Server thread/INFO]: Cactus Growth Modifier: 100%
[01:51:58] [Server thread/INFO]: Cane Growth Modifier: 100%
[01:51:58] [Server thread/INFO]: Melon Growth Modifier: 100%
[01:51:58] [Server thread/INFO]: Mushroom Growth Modifier: 100%
[01:51:58] [Server thread/INFO]: Pumpkin Growth Modifier: 100%
[01:51:58] [Server thread/INFO]: Sapling Growth Modifier: 100%
[01:51:58] [Server thread/INFO]: Wheat Growth Modifier: 100%
[01:51:58] [Server thread/INFO]: Anti X-Ray: false
[01:51:58] [Server thread/INFO]: 	Engine Mode: 1
[01:51:58] [Server thread/INFO]: 	Hidden Blocks: [14, 15, 16, 21, 48, 49, 54, 56, 73, 74, 82, 129, 130]
[01:51:58] [Server thread/INFO]: 	Replace Blocks: [1, 5]
[01:51:58] [Server thread/INFO]: Nerfing mobs spawned from spawners: false
[01:51:58] [Server thread/INFO]: Random Lighting Updates: false
[01:51:58] [Server thread/INFO]: Entity Activation Range: An 32 / Mo 32 / Mi 16
[01:51:58] [Server thread/INFO]: Entity Tracking Range: Pl 48 / An 48 / Mo 48 / Mi 32 / Other 64
[01:51:58] [Server thread/INFO]: Alternative Hopper Ticking: false
[01:51:58] [Server thread/INFO]: Hopper Transfer: 8 Hopper Check: 8 Hopper Amount: 1
[01:51:58] [Server thread/INFO]: Structure Info Saving: true
[01:51:58] [Server thread/INFO]: Custom Map Seeds:  Village: 10387312 Feature: 14357617
[01:51:58] [Server thread/INFO]: Sending up to 10 chunks per packet
[01:51:58] [Server thread/INFO]: Max Entity Collisions: 8
[01:51:58] [Server thread/INFO]: Max TNT Explosions: 100
[01:51:58] [Server thread/INFO]: Tile Max Tick Time: 50ms Entity max Tick Time: 50ms
[01:51:58] [Server thread/INFO]: [ZedCraftPlugin] Disabling ZedCraftPlugin v1.0-SNAPSHOT
[01:51:58] [Server thread/INFO]: Server shutting down...

[01:51:58] [Server thread/INFO]: [ZedCraftPlugin] Loading ZedCraftPlugin v1.0-SNAPSHOT
[01:51:58] [Server thread/INFO]: [ZedCraftPlugin] Enabling ZedCraftPlugin v1.0-SNAPSHOT
[01:51:58] [Server thread/INFO]: ZedCraft Server starting up...

[01:51:58] [Server thread/INFO]: air

[01:51:58] [Server thread/INFO]: beacon

[01:51:58] [Server thread/INFO]: bedrock

[01:51:58] [Server thread/INFO]: bookshelf

[01:51:58] [Server thread/INFO]: brick

[01:51:58] [Server thread/INFO]: clay

[01:51:58] [Server thread/INFO]: coal_block

[01:51:58] [Server thread/INFO]: coal_ore

[01:51:58] [Server thread/INFO]: coarse_dirt

[01:51:58] [Server thread/INFO]: cobblestone

[01:51:58] [Server thread/INFO]: command

[01:51:58] [Server thread/INFO]: diamond_block

[01:51:58] [Server thread/INFO]: diamond_ore

[01:51:58] [Server thread/INFO]: dirt

[01:51:58] [Server thread/INFO]: dispenser

[01:51:58] [Server thread/INFO]: dropper

[01:51:58] [Server thread/INFO]: emerald_block

[01:51:58] [Server thread/INFO]: emerald_ore

[01:51:58] [Server thread/INFO]: ender_stone

[01:51:58] [Server thread/INFO]: furnace

[01:51:58] [Server thread/INFO]: glass

[01:51:58] [Server thread/INFO]: glass_black

[01:51:58] [Server thread/INFO]: glass_blue

[01:51:58] [Server thread/INFO]: glass_brown

[01:51:58] [Server thread/INFO]: glass_cyan

[01:51:58] [Server thread/INFO]: glass_gray

[01:51:58] [Server thread/INFO]: glass_green

[01:51:58] [Server thread/INFO]: glass_light_blue

[01:51:58] [Server thread/INFO]: glass_lime

[01:51:58] [Server thread/INFO]: glass_magenta

[01:51:58] [Server thread/INFO]: glass_orange

[01:51:58] [Server thread/INFO]: glass_pink

[01:51:58] [Server thread/INFO]: glass_purple

[01:51:58] [Server thread/INFO]: glass_red

[01:51:58] [Server thread/INFO]: glass_silver

[01:51:58] [Server thread/INFO]: glass_white

[01:51:58] [Server thread/INFO]: glass_yellow

[01:51:58] [Server thread/INFO]: glowstone

[01:51:58] [Server thread/INFO]: gold_block

[01:51:58] [Server thread/INFO]: gold_ore

[01:51:58] [Server thread/INFO]: grass

[01:51:58] [Server thread/INFO]: gravel

[01:51:58] [Server thread/INFO]: hard_clay

[01:51:58] [Server thread/INFO]: hard_clay_black

[01:51:58] [Server thread/INFO]: hard_clay_blue

[01:51:58] [Server thread/INFO]: hard_clay_brown

[01:51:58] [Server thread/INFO]: hard_clay_cyan

[01:51:58] [Server thread/INFO]: hard_clay_gray

[01:51:58] [Server thread/INFO]: hard_clay_green

[01:51:58] [Server thread/INFO]: hard_clay_lightblue

[01:51:58] [Server thread/INFO]: hard_clay_lime

[01:51:58] [Server thread/INFO]: hard_clay_magenta

[01:51:58] [Server thread/INFO]: hard_clay_orange

[01:51:58] [Server thread/INFO]: hard_clay_pink

[01:51:58] [Server thread/INFO]: hard_clay_purple

[01:51:58] [Server thread/INFO]: hard_clay_red

[01:51:58] [Server thread/INFO]: hard_clay_silver

[01:51:58] [Server thread/INFO]: hard_clay_white

[01:51:58] [Server thread/INFO]: hard_clay_yellow

[01:51:58] [Server thread/INFO]: hay_block

[01:51:58] [Server thread/INFO]: huge_mushroom_1

[01:51:58] [Server thread/INFO]: huge_mushroom_2

[01:51:58] [Server thread/INFO]: ice

[01:51:58] [Server thread/INFO]: iron_block

[01:51:58] [Server thread/INFO]: iron_ore

[01:51:58] [Server thread/INFO]: jukebox

[01:51:58] [Server thread/INFO]: lapis_block

[01:51:58] [Server thread/INFO]: lapis_ore

[01:51:58] [Server thread/INFO]: log_acacia

[01:51:58] [Server thread/INFO]: log_big_oak

[01:51:58] [Server thread/INFO]: log_birch

[01:51:58] [Server thread/INFO]: log_jungle

[01:51:58] [Server thread/INFO]: log_oak

[01:51:58] [Server thread/INFO]: log_spruce

[01:51:58] [Server thread/INFO]: melon_block

[01:51:58] [Server thread/INFO]: mossy_cobblestone

[01:51:58] [Server thread/INFO]: mycel

[01:51:58] [Server thread/INFO]: netherrack

[01:51:58] [Server thread/INFO]: nether_brick

[01:51:58] [Server thread/INFO]: note_block

[01:51:58] [Server thread/INFO]: obsidian

[01:51:58] [Server thread/INFO]: packed_ice

[01:51:58] [Server thread/INFO]: planks_acacia

[01:51:58] [Server thread/INFO]: planks_dark_oak

[01:51:58] [Server thread/INFO]: planks_birch

[01:51:58] [Server thread/INFO]: planks_jungle

[01:51:58] [Server thread/INFO]: planks_oak

[01:51:58] [Server thread/INFO]: planks_spruce

[01:51:58] [Server thread/INFO]: prismarine

[01:51:58] [Server thread/INFO]: prismarine_dark

[01:51:58] [Server thread/INFO]: pumpkin

[01:51:58] [Server thread/INFO]: quartz_block_chiseled

[01:51:58] [Server thread/INFO]: quartz_block_lines

[01:51:58] [Server thread/INFO]: quartz_block_side

[01:51:58] [Server thread/INFO]: quartz_ore

[01:51:58] [Server thread/INFO]: redstone_block

[01:51:58] [Server thread/INFO]: redstone_lamp_off

[01:51:58] [Server thread/INFO]: redstone_ore

[01:51:58] [Server thread/INFO]: red_sand

[01:51:58] [Server thread/INFO]: red_sandstone_carved

[01:51:58] [Server thread/INFO]: red_sandstone_normal

[01:51:58] [Server thread/INFO]: red_sandstone_smooth

[01:51:58] [Server thread/INFO]: sand

[01:51:58] [Server thread/INFO]: sandstone_carved

[01:51:58] [Server thread/INFO]: sandstone_normal

[01:51:58] [Server thread/INFO]: sandstone_smooth

[01:51:58] [Server thread/INFO]: sea_lantern

[01:51:58] [Server thread/INFO]: slime_block

[01:51:58] [Server thread/INFO]: snow

[01:51:58] [Server thread/INFO]: soul_sand

[01:51:58] [Server thread/INFO]: sponge

[01:51:58] [Server thread/INFO]: sponge_wet

[01:51:58] [Server thread/INFO]: stone

[01:51:58] [Server thread/INFO]: stonebrick

[01:51:58] [Server thread/INFO]: stonebrick_carved

[01:51:58] [Server thread/INFO]: stonebrick_cracked

[01:51:58] [Server thread/INFO]: stonebrick_mossy

[01:51:58] [Server thread/INFO]: stone_andesite

[01:51:58] [Server thread/INFO]: stone_andesite_smooth

[01:51:58] [Server thread/INFO]: stone_diorite

[01:51:58] [Server thread/INFO]: stone_diorite_smooth

[01:51:58] [Server thread/INFO]: stone_granite

[01:51:58] [Server thread/INFO]: stone_granite_smooth

[01:51:58] [Server thread/INFO]: tnt

[01:51:58] [Server thread/INFO]: wool_colored_black

[01:51:58] [Server thread/INFO]: wool_colored_blue

[01:51:58] [Server thread/INFO]: wool_colored_brown

[01:51:58] [Server thread/INFO]: wool_colored_cyan

[01:51:58] [Server thread/INFO]: wool_colored_gray

[01:51:58] [Server thread/INFO]: wool_colored_green

[01:51:58] [Server thread/INFO]: wool_colored_light_blue

[01:51:58] [Server thread/INFO]: wool_colored_lime

[01:51:58] [Server thread/INFO]: wool_colored_magenta

[01:51:58] [Server thread/INFO]: wool_colored_orange

[01:51:58] [Server thread/INFO]: wool_colored_pink

[01:51:58] [Server thread/INFO]: wool_colored_purple

[01:51:58] [Server thread/INFO]: wool_colored_red

[01:51:58] [Server thread/INFO]: wool_colored_silver

[01:51:58] [Server thread/INFO]: wool_colored_white

[01:51:58] [Server thread/INFO]: wool_colored_yellow

[01:51:58] [Server thread/INFO]: workbench

[01:51:58] [Server thread/INFO]: [ZedCraft] Blocks HashMap Populated.

[01:51:58] [Server thread/INFO]: Boot success!

[01:51:58] [Server thread/INFO]: Server permissions file permissions.yml is empty, ignoring it
[01:51:58] [Server thread/INFO]: TboneJDI: Reload complete.

[01:52:09] [Server thread/INFO]: TboneJDI issued server command: /picture olivia.jpg
[01:54:44] [Server thread/INFO]: TboneJDI issued server command: /save-all
[01:54:44] [Server thread/INFO]: [TboneJDI: Saved the world]
[01:54:46] [Server thread/INFO]: TboneJDI issued server command: /stop
[01:54:46] [Server thread/INFO]: [TboneJDI: Stopping the server]
[01:54:46] [Server thread/INFO]: Stopping server
[01:54:46] [Server thread/INFO]: [ZedCraftPlugin] Disabling ZedCraftPlugin v1.0-SNAPSHOT
[01:54:46] [Server thread/INFO]: Server shutting down...

[01:54:46] [Server thread/INFO]: Saving players
[01:54:46] [Server thread/INFO]: TboneJDI lost connection: Server closed
[01:54:46] [Server thread/INFO]: TboneJDI left the game.
[01:54:46] [Server thread/INFO]: Saving worlds
[01:54:46] [Server thread/INFO]: Saving chunks for level 'world'/Overworld
